<?xml version="1.0" encoding="UTF-8"?>
<!-- Generated by org.testng.reporters.JUnitXMLReporter -->
<testsuite ignored="0" hostname="MAC-book" failures="0" tests="10" name="Default test" time="0.071" errors="0" timestamp="2025-05-20T13:39:13 IST">
  <testcase classname="TestFile1" name="testcase1" time="0.005"/>
  <testcase classname="TestFile1" name="testcase1" time="0.001"/>
  <testcase classname="TestFile1" name="testcase1" time="0.005"/>
  <testcase classname="TestFile1" name="testcase1" time="0.001"/>
  <testcase classname="TestFile1" name="testcase1" time="0.0"/>
  <testcase classname="TestFile1" name="testcase2" time="0.001"/>
  <testcase classname="TestFile1" name="testcase3" time="0.005"/>
  <testcase classname="TestFile1" name="testcase4" time="0.001"/>
  <testcase classname="TestFile1" name="testcase5" time="0.001"/>
  <testcase classname="TestFile1" name="testcase6" time="0.001"/>
</testsuite> <!-- Default test -->
