<?xml version="1.0" encoding="UTF-8"?>
<!-- Generated by org.testng.reporters.JUnitXMLReporter -->
<testsuite ignored="0" hostname="MAC-book" failures="0" tests="10" name="Test" time="0.097" errors="0" timestamp="2025-05-20T13:40:07 IST">
  <testcase classname="TestFile1" name="testcase1" time="0.004"/>
  <testcase classname="TestFile1" name="testcase1" time="0.001"/>
  <testcase classname="TestFile1" name="testcase1" time="0.002"/>
  <testcase classname="TestFile1" name="testcase1" time="0.001"/>
  <testcase classname="TestFile1" name="testcase1" time="0.002"/>
  <testcase classname="TestFile1" name="testcase2" time="0.007"/>
  <testcase classname="TestFile1" name="testcase3" time="0.002"/>
  <testcase classname="TestFile1" name="testcase4" time="0.005"/>
  <testcase classname="TestFile1" name="testcase5" time="0.001"/>
  <testcase classname="TestFile1" name="testcase6" time="0.001"/>
</testsuite> <!-- Test -->
