<?xml version="1.0" encoding="UTF-8"?>
<!-- Generated by org.testng.reporters.JUnitXMLReporter -->
<testsuite hostname="MAC-book" failures="0" tests="6" name="Test" time="0.018" errors="0" timestamp="20 May 2025 10:06:31 GMT">
  <testcase classname="TestFile1" name="testcase1" time="0.0">
    <skipped/>
  </testcase> <!-- testcase1 -->
  <testcase classname="TestFile1" name="testcase2" time="0.003"/>
  <testcase classname="TestFile1" name="testcase3" time="0.0"/>
  <testcase classname="TestFile1" name="testcase4" time="0.001"/>
  <testcase classname="TestFile1" name="testcase5" time="0.0"/>
  <testcase classname="TestFile1" name="testcase6" time="0.002"/>
</testsuite> <!-- Test -->
