<?xml version="1.0" encoding="UTF-8"?>
<testsuite xmlns:xsi="http://www.w3.org/2001/XMLSchema-instance" xsi:noNamespaceSchemaLocation="https://maven.apache.org/surefire/maven-surefire-plugin/xsd/surefire-test-report.xsd" version="3.0.2" name="TestSuite" time="0.819" tests="6" errors="0" skipped="1" failures="0">
  <properties>
[...]
</properties>
  <testcase name="testcase1" classname="TestFile1" time="0.0">
    <skipped message="&#10;Data Provider public java.lang.Object[] TestFile1.testData() must return either Object[][] or Iterator&lt;Object&gt;[], not class [Ljava.lang.Object;"/>
  </testcase>
  <testcase name="testcase2" classname="TestFile1" time="0.01">
    <system-out><![CDATA[testcase2is started
test case 2
]]></system-out>
  </testcase>
  <testcase name="testcase3" classname="TestFile1" time="0.002">
    <system-out><![CDATA[testcase2is ended
testcase3is started
test case 3
]]></system-out>
  </testcase>
  <testcase name="testcase4" classname="TestFile1" time="0.001">
    <system-out><![CDATA[testcase3is ended
testcase4is started
test case 4
]]></system-out>
  </testcase>
  <testcase name="testcase5" classname="TestFile1" time="0.0">
    <system-out><![CDATA[testcase4is ended
testcase5is started
test case 5
]]></system-out>
  </testcase>
  <testcase name="testcase6" classname="TestFile1" time="0.0">
    <system-out><![CDATA[testcase5is ended
testcase6is started
test case 6
]]></system-out>
  </testcase>
</testsuite>